<?xml version="1.0" encoding="UTF-8"?>
<!-- Generated by org.testng.reporters.JUnitReportReporter -->
<testsuite hostname="DESKTOP-K2CT2V0" failures="0" tests="1" name="part1.FirstSeleniumTest" time="4.528" errors="0" timestamp="2025-01-14T22:27:06 SAST" skipped="0">
  <testcase classname="part1.FirstSeleniumTest" name="testloggingIntoApplication" time="4.528"/>
</testsuite> <!-- part1.FirstSeleniumTest -->
