<?xml version="1.0" encoding="UTF-8"?>
<!-- Generated by org.testng.reporters.JUnitReportReporter -->
<testsuite hostname="DESKTOP-K2CT2V0" failures="0" tests="2" name="TestNG.TestCase1" time="8.605" errors="0" timestamp="2025-01-15T00:35:15 SAST" skipped="0">
  <testcase classname="TestNG.TestCase1" name="doUserReg" time="4.786"/>
  <testcase classname="TestNG.TestCase1" name="userReq" time="3.819"/>
</testsuite> <!-- TestNG.TestCase1 -->
