<?xml version="1.0" encoding="UTF-8"?>
<!-- Generated by org.testng.reporters.JUnitReportReporter -->
<testsuite hostname="DESKTOP-K2CT2V0" failures="0" tests="1" name="TestNG.TestCase1" time="0.020" errors="0" timestamp="2024-12-01T23:42:20 SAST" skipped="0">
  <testcase classname="TestNG.TestCase1" name="userReq" time="0.020"/>
</testsuite> <!-- TestNG.TestCase1 -->
