<?xml version="1.0" encoding="UTF-8"?>
<!-- Generated by org.testng.reporters.JUnitReportReporter -->
<testsuite hostname="DESKTOP-K2CT2V0" failures="0" tests="5" name="TestNG.TestNG" time="15.473" errors="0" timestamp="2025-01-18T18:18:49 SAST" skipped="0">
  <testcase classname="TestNG.TestNG" name="Config" time="5.903"/>
  <system-out/>
  <testcase classname="TestNG.TestNG" name="SignUpDetails" time="4.832"/>
  <system-out/>
  <testcase classname="TestNG.TestNG" name="CaptureSignupDetails" time="1.022"/>
  <system-out/>
  <testcase classname="TestNG.TestNG" name="AddressInfomation" time="3.305"/>
  <system-out/>
  <testcase classname="TestNG.TestNG" name="ScreenShort" time="0.411"/>
  <system-out/>
</testsuite> <!-- TestNG.TestNG -->
