<?xml version="1.0" encoding="UTF-8"?>
<!-- Generated by org.testng.reporters.JUnitReportReporter -->
<testsuite hostname="DESKTOP-K2CT2V0" failures="0" tests="5" name="TestNG.TestNG" time="34.775" errors="0" timestamp="2025-01-18T18:52:54 SAST" skipped="0">
  <testcase classname="TestNG.TestNG" name="Config" time="26.364"/>
  <system-out/>
  <testcase classname="TestNG.TestNG" name="SignUpDetails" time="4.220"/>
  <system-out/>
  <testcase classname="TestNG.TestNG" name="CaptureSignupDetails" time="0.922"/>
  <system-out/>
  <testcase classname="TestNG.TestNG" name="AddressInfomation" time="2.929"/>
  <system-out/>
  <testcase classname="TestNG.TestNG" name="ScreenShort" time="0.340"/>
  <system-out/>
</testsuite> <!-- TestNG.TestNG -->
